{
  "stats": {
    "suites": 1,
    "tests": 3,
    "passes": 3,
    "pending": 0,
    "failures": 0,
    "start": "2021-04-28T13:23:49.231Z",
    "end": "2021-04-28T13:23:59.940Z",
    "duration": 10709,
    "testsRegistered": 3,
    "passPercent": 100,
    "pendingPercent": 0,
    "other": 0,
    "hasOther": false,
    "skipped": 0,
    "hasSkipped": false
  },
  "results": [
    {
      "uuid": "cbb8c893-a5e9-47e4-9437-7bdf572aa2d8",
      "title": "",
      "fullFile": "cypress/integration/checkTotalPrice.spec.js",
      "file": "cypress/integration/checkTotalPrice.spec.js",
      "beforeHooks": [],
      "afterHooks": [],
      "tests": [],
      "suites": [
        {
          "uuid": "841890cd-753a-46d0-8155-0b72e0b274b9",
          "title": "Add the product quantity as five to the cart and check the total price",
          "fullFile": "",
          "file": "",
          "beforeHooks": [],
          "afterHooks": [],
          "tests": [
            {
              "title": "Click on the 5th Product with 5% discount on the Landing Page",
              "fullTitle": "Add the product quantity as five to the cart and check the total price Click on the 5th Product with 5% discount on the Landing Page",
              "timedOut": null,
              "duration": 7726,
              "state": "passed",
              "speed": "slow",
              "pass": true,
              "fail": false,
              "pending": false,
              "context": null,
              "code": "cy.get(_locators.anchor).contains(_locators.printedSummerDress).should('be.visible');\ncy.get(_locators.anchor).contains(_locators.printedSummerDress).click();\ncy.get(_locators.anchorH).contains(_locators.printedSummerDress).should('be.visible');",
              "err": {},
              "uuid": "b40904ea-5d50-4829-ad60-2f09ec260711",
              "parentUUID": "841890cd-753a-46d0-8155-0b72e0b274b9",
              "isHook": false,
              "skipped": false
            },
            {
              "title": "Add quantity as 5 for the product",
              "fullTitle": "Add the product quantity as five to the cart and check the total price Add quantity as 5 for the product",
              "timedOut": null,
              "duration": 2901,
              "state": "passed",
              "speed": "slow",
              "pass": true,
              "fail": false,
              "pending": false,
              "context": null,
              "code": "cy.get(_locators.quantityWanted).clear();\ncy.get(_locators.quantityWanted).type(_locators.numberOfItems);\ncy.clickAddToCart();\ncy.cartSuccessMessage();\ncy.cartAddedMessage();\ncy.get(_locators.checkout).click();",
              "err": {},
              "uuid": "92e04780-de51-41cf-b95d-8b1bfc8f1079",
              "parentUUID": "841890cd-753a-46d0-8155-0b72e0b274b9",
              "isHook": false,
              "skipped": false
            },
            {
              "title": "Check whether the Total price is accurate from the Cart",
              "fullTitle": "Add the product quantity as five to the cart and check the total price Check whether the Total price is accurate from the Cart",
              "timedOut": null,
              "duration": 38,
              "state": "passed",
              "speed": "medium",
              "pass": true,
              "fail": false,
              "pending": false,
              "context": null,
              "code": "cy.get(_locators.productPrice).invoke('text').should(textValue => {\n  expect(_locators.totalProductPrice).to.eq(textValue);\n});\ncy.get(_locators.priceTotal).invoke('text').should(textValue => {\n  expect(_locators.totalPriceWithTax).to.eq(textValue);\n});",
              "err": {},
              "uuid": "263ac6f9-c36e-49b3-a91b-6b36989ffdf8",
              "parentUUID": "841890cd-753a-46d0-8155-0b72e0b274b9",
              "isHook": false,
              "skipped": false
            }
          ],
          "suites": [],
          "passes": [
            "b40904ea-5d50-4829-ad60-2f09ec260711",
            "92e04780-de51-41cf-b95d-8b1bfc8f1079",
            "263ac6f9-c36e-49b3-a91b-6b36989ffdf8"
          ],
          "failures": [],
          "pending": [],
          "skipped": [],
          "duration": 10665,
          "root": false,
          "rootEmpty": false,
          "_timeout": 2000
        }
      ],
      "passes": [],
      "failures": [],
      "pending": [],
      "skipped": [],
      "duration": 0,
      "root": true,
      "rootEmpty": true,
      "_timeout": 2000
    }
  ],
  "meta": {
    "mocha": {
      "version": "7.0.1"
    },
    "mochawesome": {
      "options": {
        "quiet": false,
        "reportFilename": "mochawesome",
        "saveHtml": false,
        "saveJson": true,
        "consoleReporter": "spec",
        "useInlineDiffs": false,
        "code": true
      },
      "version": "6.2.2"
    },
    "marge": {
      "options": {
        "id": "default",
        "reportDir": "cypress/reports/mocha",
        "quite": true,
        "overwrite": false,
        "html": false,
        "json": true
      },
      "version": "5.2.0"
    }
  }
}