{
  "stats": {
    "suites": 1,
    "tests": 8,
    "passes": 8,
    "pending": 0,
    "failures": 0,
    "start": "2021-04-28T13:24:07.677Z",
    "end": "2021-04-28T13:24:14.705Z",
    "duration": 7028,
    "testsRegistered": 8,
    "passPercent": 100,
    "pendingPercent": 0,
    "other": 0,
    "hasOther": false,
    "skipped": 0,
    "hasSkipped": false
  },
  "results": [
    {
      "uuid": "db2194d8-b52f-46ce-b417-dcef8bc17420",
      "title": "",
      "fullFile": "cypress/integration/productNames.spec.js",
      "file": "cypress/integration/productNames.spec.js",
      "beforeHooks": [],
      "afterHooks": [],
      "tests": [],
      "suites": [
        {
          "uuid": "5988d874-fbde-45d7-8f11-0dc999dc4711",
          "title": "Check Product Names Visible on the Landing Page",
          "fullFile": "",
          "file": "",
          "beforeHooks": [],
          "afterHooks": [],
          "tests": [
            {
              "title": "Check the title, url and links on the Landing Page",
              "fullTitle": "Check Product Names Visible on the Landing Page Check the title, url and links on the Landing Page",
              "timedOut": null,
              "duration": 5652,
              "state": "passed",
              "speed": "slow",
              "pass": true,
              "fail": false,
              "pending": false,
              "context": null,
              "code": "cy.verifyTitle();\ncy.verifyUrl();\ncy.verifyForPageToLoad();\ncy.contactLink();\ncy.loginLink();",
              "err": {},
              "uuid": "ee867f3e-8141-480b-986b-6574f47c9d27",
              "parentUUID": "5988d874-fbde-45d7-8f11-0dc999dc4711",
              "isHook": false,
              "skipped": false
            },
            {
              "title": "Check the product name: Faded Short Sleeve T-shirts is visible",
              "fullTitle": "Check Product Names Visible on the Landing Page Check the product name: Faded Short Sleeve T-shirts is visible",
              "timedOut": null,
              "duration": 276,
              "state": "passed",
              "speed": "slow",
              "pass": true,
              "fail": false,
              "pending": false,
              "context": null,
              "code": "cy.get(_locators.anchor).contains(_locators.fadedShortSleeveTshirts).should('be.visible');",
              "err": {},
              "uuid": "9374de28-cbd1-4c7c-a1fd-bc91173f6775",
              "parentUUID": "5988d874-fbde-45d7-8f11-0dc999dc4711",
              "isHook": false,
              "skipped": false
            },
            {
              "title": "Check the product name: Blouse is visible",
              "fullTitle": "Check Product Names Visible on the Landing Page Check the product name: Blouse is visible",
              "timedOut": null,
              "duration": 52,
              "state": "passed",
              "speed": "medium",
              "pass": true,
              "fail": false,
              "pending": false,
              "context": null,
              "code": "cy.get(_locators.anchorProduct).contains(_locators.blouse).should('be.visible');",
              "err": {},
              "uuid": "79ea4ce6-e179-4a72-ace2-8ded16ac8bca",
              "parentUUID": "5988d874-fbde-45d7-8f11-0dc999dc4711",
              "isHook": false,
              "skipped": false
            },
            {
              "title": "Check the product name: Printed Dress is visible",
              "fullTitle": "Check Product Names Visible on the Landing Page Check the product name: Printed Dress is visible",
              "timedOut": null,
              "duration": 253,
              "state": "passed",
              "speed": "slow",
              "pass": true,
              "fail": false,
              "pending": false,
              "context": null,
              "code": "cy.get(_locators.anchor).contains(_locators.printedDress).should('be.visible');",
              "err": {},
              "uuid": "121dc8d1-73d4-45b9-8900-9136eee7e1ba",
              "parentUUID": "5988d874-fbde-45d7-8f11-0dc999dc4711",
              "isHook": false,
              "skipped": false
            },
            {
              "title": "Check the product name: Printed Dress Two is visible",
              "fullTitle": "Check Product Names Visible on the Landing Page Check the product name: Printed Dress Two is visible",
              "timedOut": null,
              "duration": 32,
              "state": "passed",
              "speed": "fast",
              "pass": true,
              "fail": false,
              "pending": false,
              "context": null,
              "code": "cy.get(_locators.printedDressTwo).contains(_locators.printedDress).should('be.visible');",
              "err": {},
              "uuid": "dde0e550-8557-492e-aa61-60990f742ba3",
              "parentUUID": "5988d874-fbde-45d7-8f11-0dc999dc4711",
              "isHook": false,
              "skipped": false
            },
            {
              "title": "Check the product name: Printed Summer Dress is visible",
              "fullTitle": "Check Product Names Visible on the Landing Page Check the product name: Printed Summer Dress is visible",
              "timedOut": null,
              "duration": 301,
              "state": "passed",
              "speed": "slow",
              "pass": true,
              "fail": false,
              "pending": false,
              "context": null,
              "code": "cy.get(_locators.anchor).contains(_locators.printedSummerDress).should('be.visible');",
              "err": {},
              "uuid": "6bf1b362-896f-4afe-bed4-7b117c0656cd",
              "parentUUID": "5988d874-fbde-45d7-8f11-0dc999dc4711",
              "isHook": false,
              "skipped": false
            },
            {
              "title": "Check the product name: Printed Summer Dress Two is visible",
              "fullTitle": "Check Product Names Visible on the Landing Page Check the product name: Printed Summer Dress Two is visible",
              "timedOut": null,
              "duration": 38,
              "state": "passed",
              "speed": "medium",
              "pass": true,
              "fail": false,
              "pending": false,
              "context": null,
              "code": "cy.get(_locators.printedSummerDressTwo).contains(_locators.printedSummerDress).should('be.visible');",
              "err": {},
              "uuid": "8e755115-478f-4a83-a6cd-5c58874eeb39",
              "parentUUID": "5988d874-fbde-45d7-8f11-0dc999dc4711",
              "isHook": false,
              "skipped": false
            },
            {
              "title": "Check the product name: Printed Chiffon Dress is visible",
              "fullTitle": "Check Product Names Visible on the Landing Page Check the product name: Printed Chiffon Dress is visible",
              "timedOut": null,
              "duration": 320,
              "state": "passed",
              "speed": "slow",
              "pass": true,
              "fail": false,
              "pending": false,
              "context": null,
              "code": "cy.get(_locators.anchor).contains(_locators.printedChiffonDress).should('be.visible');",
              "err": {},
              "uuid": "e8cdb03b-f52c-43de-baba-3e7e38887a88",
              "parentUUID": "5988d874-fbde-45d7-8f11-0dc999dc4711",
              "isHook": false,
              "skipped": false
            }
          ],
          "suites": [],
          "passes": [
            "ee867f3e-8141-480b-986b-6574f47c9d27",
            "9374de28-cbd1-4c7c-a1fd-bc91173f6775",
            "79ea4ce6-e179-4a72-ace2-8ded16ac8bca",
            "121dc8d1-73d4-45b9-8900-9136eee7e1ba",
            "dde0e550-8557-492e-aa61-60990f742ba3",
            "6bf1b362-896f-4afe-bed4-7b117c0656cd",
            "8e755115-478f-4a83-a6cd-5c58874eeb39",
            "e8cdb03b-f52c-43de-baba-3e7e38887a88"
          ],
          "failures": [],
          "pending": [],
          "skipped": [],
          "duration": 6924,
          "root": false,
          "rootEmpty": false,
          "_timeout": 2000
        }
      ],
      "passes": [],
      "failures": [],
      "pending": [],
      "skipped": [],
      "duration": 0,
      "root": true,
      "rootEmpty": true,
      "_timeout": 2000
    }
  ],
  "meta": {
    "mocha": {
      "version": "7.0.1"
    },
    "mochawesome": {
      "options": {
        "quiet": false,
        "reportFilename": "mochawesome",
        "saveHtml": false,
        "saveJson": true,
        "consoleReporter": "spec",
        "useInlineDiffs": false,
        "code": true
      },
      "version": "6.2.2"
    },
    "marge": {
      "options": {
        "id": "default",
        "reportDir": "cypress/reports/mocha",
        "quite": true,
        "overwrite": false,
        "html": false,
        "json": true
      },
      "version": "5.2.0"
    }
  }
}