{
  "stats": {
    "suites": 1,
    "tests": 8,
    "passes": 8,
    "pending": 0,
    "failures": 0,
    "start": "2021-04-28T13:26:56.009Z",
    "end": "2021-04-28T13:27:01.484Z",
    "duration": 5475,
    "testsRegistered": 8,
    "passPercent": 100,
    "pendingPercent": 0,
    "other": 0,
    "hasOther": false,
    "skipped": 0,
    "hasSkipped": false
  },
  "results": [
    {
      "uuid": "a33e3c17-b610-4948-833a-e53c99f49686",
      "title": "",
      "fullFile": "cypress/integration/productNames.spec.js",
      "file": "cypress/integration/productNames.spec.js",
      "beforeHooks": [],
      "afterHooks": [],
      "tests": [],
      "suites": [
        {
          "uuid": "52aeb9e8-6ac6-4925-8d41-a03ed658bb6c",
          "title": "Check Product Names Visible on the Landing Page",
          "fullFile": "",
          "file": "",
          "beforeHooks": [],
          "afterHooks": [],
          "tests": [
            {
              "title": "Check the title, url and links on the Landing Page",
              "fullTitle": "Check Product Names Visible on the Landing Page Check the title, url and links on the Landing Page",
              "timedOut": null,
              "duration": 4388,
              "state": "passed",
              "speed": "slow",
              "pass": true,
              "fail": false,
              "pending": false,
              "context": null,
              "code": "cy.verifyTitle();\ncy.verifyUrl();\ncy.verifyForPageToLoad();\ncy.contactLink();\ncy.loginLink();",
              "err": {},
              "uuid": "9ea53efc-f5d4-4dd1-b27d-e202f8709b6b",
              "parentUUID": "52aeb9e8-6ac6-4925-8d41-a03ed658bb6c",
              "isHook": false,
              "skipped": false
            },
            {
              "title": "Check the product name: Faded Short Sleeve T-shirts is visible",
              "fullTitle": "Check Product Names Visible on the Landing Page Check the product name: Faded Short Sleeve T-shirts is visible",
              "timedOut": null,
              "duration": 220,
              "state": "passed",
              "speed": "slow",
              "pass": true,
              "fail": false,
              "pending": false,
              "context": null,
              "code": "cy.get(_locators.anchor).contains(_locators.fadedShortSleeveTshirts).should('be.visible');",
              "err": {},
              "uuid": "eff70ece-e1fa-413e-8b90-eb7bee36d95f",
              "parentUUID": "52aeb9e8-6ac6-4925-8d41-a03ed658bb6c",
              "isHook": false,
              "skipped": false
            },
            {
              "title": "Check the product name: Blouse is visible",
              "fullTitle": "Check Product Names Visible on the Landing Page Check the product name: Blouse is visible",
              "timedOut": null,
              "duration": 49,
              "state": "passed",
              "speed": "medium",
              "pass": true,
              "fail": false,
              "pending": false,
              "context": null,
              "code": "cy.get(_locators.anchorProduct).contains(_locators.blouse).should('be.visible');",
              "err": {},
              "uuid": "8fcf7e6b-752f-4be7-b58a-b5cedc1168c8",
              "parentUUID": "52aeb9e8-6ac6-4925-8d41-a03ed658bb6c",
              "isHook": false,
              "skipped": false
            },
            {
              "title": "Check the product name: Printed Dress is visible",
              "fullTitle": "Check Product Names Visible on the Landing Page Check the product name: Printed Dress is visible",
              "timedOut": null,
              "duration": 209,
              "state": "passed",
              "speed": "slow",
              "pass": true,
              "fail": false,
              "pending": false,
              "context": null,
              "code": "cy.get(_locators.anchor).contains(_locators.printedDress).should('be.visible');",
              "err": {},
              "uuid": "903d9d37-84bc-4a51-88a9-fc17185f0271",
              "parentUUID": "52aeb9e8-6ac6-4925-8d41-a03ed658bb6c",
              "isHook": false,
              "skipped": false
            },
            {
              "title": "Check the product name: Printed Dress Two is visible",
              "fullTitle": "Check Product Names Visible on the Landing Page Check the product name: Printed Dress Two is visible",
              "timedOut": null,
              "duration": 34,
              "state": "passed",
              "speed": "fast",
              "pass": true,
              "fail": false,
              "pending": false,
              "context": null,
              "code": "cy.get(_locators.printedDressTwo).contains(_locators.printedDress).should('be.visible');",
              "err": {},
              "uuid": "d3c70d44-c3c7-4511-a2d9-2b0ff899b053",
              "parentUUID": "52aeb9e8-6ac6-4925-8d41-a03ed658bb6c",
              "isHook": false,
              "skipped": false
            },
            {
              "title": "Check the product name: Printed Summer Dress is visible",
              "fullTitle": "Check Product Names Visible on the Landing Page Check the product name: Printed Summer Dress is visible",
              "timedOut": null,
              "duration": 218,
              "state": "passed",
              "speed": "slow",
              "pass": true,
              "fail": false,
              "pending": false,
              "context": null,
              "code": "cy.get(_locators.anchor).contains(_locators.printedSummerDress).should('be.visible');",
              "err": {},
              "uuid": "74a61925-a9bd-45ea-a04d-4b3590b3bcbc",
              "parentUUID": "52aeb9e8-6ac6-4925-8d41-a03ed658bb6c",
              "isHook": false,
              "skipped": false
            },
            {
              "title": "Check the product name: Printed Summer Dress Two is visible",
              "fullTitle": "Check Product Names Visible on the Landing Page Check the product name: Printed Summer Dress Two is visible",
              "timedOut": null,
              "duration": 39,
              "state": "passed",
              "speed": "medium",
              "pass": true,
              "fail": false,
              "pending": false,
              "context": null,
              "code": "cy.get(_locators.printedSummerDressTwo).contains(_locators.printedSummerDress).should('be.visible');",
              "err": {},
              "uuid": "d312f29c-9aa0-442d-89f7-dfd2bddf04c9",
              "parentUUID": "52aeb9e8-6ac6-4925-8d41-a03ed658bb6c",
              "isHook": false,
              "skipped": false
            },
            {
              "title": "Check the product name: Printed Chiffon Dress is visible",
              "fullTitle": "Check Product Names Visible on the Landing Page Check the product name: Printed Chiffon Dress is visible",
              "timedOut": null,
              "duration": 202,
              "state": "passed",
              "speed": "slow",
              "pass": true,
              "fail": false,
              "pending": false,
              "context": null,
              "code": "cy.get(_locators.anchor).contains(_locators.printedChiffonDress).should('be.visible');",
              "err": {},
              "uuid": "e069a2f5-52f4-405a-8a44-354bd652e126",
              "parentUUID": "52aeb9e8-6ac6-4925-8d41-a03ed658bb6c",
              "isHook": false,
              "skipped": false
            }
          ],
          "suites": [],
          "passes": [
            "9ea53efc-f5d4-4dd1-b27d-e202f8709b6b",
            "eff70ece-e1fa-413e-8b90-eb7bee36d95f",
            "8fcf7e6b-752f-4be7-b58a-b5cedc1168c8",
            "903d9d37-84bc-4a51-88a9-fc17185f0271",
            "d3c70d44-c3c7-4511-a2d9-2b0ff899b053",
            "74a61925-a9bd-45ea-a04d-4b3590b3bcbc",
            "d312f29c-9aa0-442d-89f7-dfd2bddf04c9",
            "e069a2f5-52f4-405a-8a44-354bd652e126"
          ],
          "failures": [],
          "pending": [],
          "skipped": [],
          "duration": 5359,
          "root": false,
          "rootEmpty": false,
          "_timeout": 2000
        }
      ],
      "passes": [],
      "failures": [],
      "pending": [],
      "skipped": [],
      "duration": 0,
      "root": true,
      "rootEmpty": true,
      "_timeout": 2000
    }
  ],
  "meta": {
    "mocha": {
      "version": "7.0.1"
    },
    "mochawesome": {
      "options": {
        "quiet": false,
        "reportFilename": "mochawesome",
        "saveHtml": false,
        "saveJson": true,
        "consoleReporter": "spec",
        "useInlineDiffs": false,
        "code": true
      },
      "version": "6.2.2"
    },
    "marge": {
      "options": {
        "id": "default",
        "reportDir": "cypress/reports/mocha",
        "quite": true,
        "overwrite": false,
        "html": false,
        "json": true
      },
      "version": "5.2.0"
    }
  }
}