{
  "stats": {
    "suites": 3,
    "tests": 16,
    "passes": 16,
    "pending": 0,
    "failures": 0,
    "start": "2021-04-28T13:23:31.599Z",
    "end": "2021-04-28T13:24:14.705Z",
    "duration": 27529,
    "testsRegistered": 16,
    "passPercent": 100,
    "pendingPercent": 0,
    "other": 0,
    "hasOther": false,
    "skipped": 0,
    "hasSkipped": false
  },
  "results": [
    {
      "uuid": "cbb8c893-a5e9-47e4-9437-7bdf572aa2d8",
      "title": "",
      "fullFile": "cypress/integration/checkTotalPrice.spec.js",
      "file": "cypress/integration/checkTotalPrice.spec.js",
      "beforeHooks": [],
      "afterHooks": [],
      "tests": [],
      "suites": [
        {
          "uuid": "841890cd-753a-46d0-8155-0b72e0b274b9",
          "title": "Add the product quantity as five to the cart and check the total price",
          "fullFile": "",
          "file": "",
          "beforeHooks": [],
          "afterHooks": [],
          "tests": [
            {
              "title": "Click on the 5th Product with 5% discount on the Landing Page",
              "fullTitle": "Add the product quantity as five to the cart and check the total price Click on the 5th Product with 5% discount on the Landing Page",
              "timedOut": null,
              "duration": 7726,
              "state": "passed",
              "speed": "slow",
              "pass": true,
              "fail": false,
              "pending": false,
              "context": null,
              "code": "cy.get(_locators.anchor).contains(_locators.printedSummerDress).should('be.visible');\ncy.get(_locators.anchor).contains(_locators.printedSummerDress).click();\ncy.get(_locators.anchorH).contains(_locators.printedSummerDress).should('be.visible');",
              "err": {},
              "uuid": "b40904ea-5d50-4829-ad60-2f09ec260711",
              "parentUUID": "841890cd-753a-46d0-8155-0b72e0b274b9",
              "isHook": false,
              "skipped": false
            },
            {
              "title": "Add quantity as 5 for the product",
              "fullTitle": "Add the product quantity as five to the cart and check the total price Add quantity as 5 for the product",
              "timedOut": null,
              "duration": 2901,
              "state": "passed",
              "speed": "slow",
              "pass": true,
              "fail": false,
              "pending": false,
              "context": null,
              "code": "cy.get(_locators.quantityWanted).clear();\ncy.get(_locators.quantityWanted).type(_locators.numberOfItems);\ncy.clickAddToCart();\ncy.cartSuccessMessage();\ncy.cartAddedMessage();\ncy.get(_locators.checkout).click();",
              "err": {},
              "uuid": "92e04780-de51-41cf-b95d-8b1bfc8f1079",
              "parentUUID": "841890cd-753a-46d0-8155-0b72e0b274b9",
              "isHook": false,
              "skipped": false
            },
            {
              "title": "Check whether the Total price is accurate from the Cart",
              "fullTitle": "Add the product quantity as five to the cart and check the total price Check whether the Total price is accurate from the Cart",
              "timedOut": null,
              "duration": 38,
              "state": "passed",
              "speed": "medium",
              "pass": true,
              "fail": false,
              "pending": false,
              "context": null,
              "code": "cy.get(_locators.productPrice).invoke('text').should(textValue => {\n  expect(_locators.totalProductPrice).to.eq(textValue);\n});\ncy.get(_locators.priceTotal).invoke('text').should(textValue => {\n  expect(_locators.totalPriceWithTax).to.eq(textValue);\n});",
              "err": {},
              "uuid": "263ac6f9-c36e-49b3-a91b-6b36989ffdf8",
              "parentUUID": "841890cd-753a-46d0-8155-0b72e0b274b9",
              "isHook": false,
              "skipped": false
            }
          ],
          "suites": [],
          "passes": [
            "b40904ea-5d50-4829-ad60-2f09ec260711",
            "92e04780-de51-41cf-b95d-8b1bfc8f1079",
            "263ac6f9-c36e-49b3-a91b-6b36989ffdf8"
          ],
          "failures": [],
          "pending": [],
          "skipped": [],
          "duration": 10665,
          "root": false,
          "rootEmpty": false,
          "_timeout": 2000
        }
      ],
      "passes": [],
      "failures": [],
      "pending": [],
      "skipped": [],
      "duration": 0,
      "root": true,
      "rootEmpty": true,
      "_timeout": 2000
    },
    {
      "uuid": "db2194d8-b52f-46ce-b417-dcef8bc17420",
      "title": "",
      "fullFile": "cypress/integration/productNames.spec.js",
      "file": "cypress/integration/productNames.spec.js",
      "beforeHooks": [],
      "afterHooks": [],
      "tests": [],
      "suites": [
        {
          "uuid": "5988d874-fbde-45d7-8f11-0dc999dc4711",
          "title": "Check Product Names Visible on the Landing Page",
          "fullFile": "",
          "file": "",
          "beforeHooks": [],
          "afterHooks": [],
          "tests": [
            {
              "title": "Check the title, url and links on the Landing Page",
              "fullTitle": "Check Product Names Visible on the Landing Page Check the title, url and links on the Landing Page",
              "timedOut": null,
              "duration": 5652,
              "state": "passed",
              "speed": "slow",
              "pass": true,
              "fail": false,
              "pending": false,
              "context": null,
              "code": "cy.verifyTitle();\ncy.verifyUrl();\ncy.verifyForPageToLoad();\ncy.contactLink();\ncy.loginLink();",
              "err": {},
              "uuid": "ee867f3e-8141-480b-986b-6574f47c9d27",
              "parentUUID": "5988d874-fbde-45d7-8f11-0dc999dc4711",
              "isHook": false,
              "skipped": false
            },
            {
              "title": "Check the product name: Faded Short Sleeve T-shirts is visible",
              "fullTitle": "Check Product Names Visible on the Landing Page Check the product name: Faded Short Sleeve T-shirts is visible",
              "timedOut": null,
              "duration": 276,
              "state": "passed",
              "speed": "slow",
              "pass": true,
              "fail": false,
              "pending": false,
              "context": null,
              "code": "cy.get(_locators.anchor).contains(_locators.fadedShortSleeveTshirts).should('be.visible');",
              "err": {},
              "uuid": "9374de28-cbd1-4c7c-a1fd-bc91173f6775",
              "parentUUID": "5988d874-fbde-45d7-8f11-0dc999dc4711",
              "isHook": false,
              "skipped": false
            },
            {
              "title": "Check the product name: Blouse is visible",
              "fullTitle": "Check Product Names Visible on the Landing Page Check the product name: Blouse is visible",
              "timedOut": null,
              "duration": 52,
              "state": "passed",
              "speed": "medium",
              "pass": true,
              "fail": false,
              "pending": false,
              "context": null,
              "code": "cy.get(_locators.anchorProduct).contains(_locators.blouse).should('be.visible');",
              "err": {},
              "uuid": "79ea4ce6-e179-4a72-ace2-8ded16ac8bca",
              "parentUUID": "5988d874-fbde-45d7-8f11-0dc999dc4711",
              "isHook": false,
              "skipped": false
            },
            {
              "title": "Check the product name: Printed Dress is visible",
              "fullTitle": "Check Product Names Visible on the Landing Page Check the product name: Printed Dress is visible",
              "timedOut": null,
              "duration": 253,
              "state": "passed",
              "speed": "slow",
              "pass": true,
              "fail": false,
              "pending": false,
              "context": null,
              "code": "cy.get(_locators.anchor).contains(_locators.printedDress).should('be.visible');",
              "err": {},
              "uuid": "121dc8d1-73d4-45b9-8900-9136eee7e1ba",
              "parentUUID": "5988d874-fbde-45d7-8f11-0dc999dc4711",
              "isHook": false,
              "skipped": false
            },
            {
              "title": "Check the product name: Printed Dress Two is visible",
              "fullTitle": "Check Product Names Visible on the Landing Page Check the product name: Printed Dress Two is visible",
              "timedOut": null,
              "duration": 32,
              "state": "passed",
              "speed": "fast",
              "pass": true,
              "fail": false,
              "pending": false,
              "context": null,
              "code": "cy.get(_locators.printedDressTwo).contains(_locators.printedDress).should('be.visible');",
              "err": {},
              "uuid": "dde0e550-8557-492e-aa61-60990f742ba3",
              "parentUUID": "5988d874-fbde-45d7-8f11-0dc999dc4711",
              "isHook": false,
              "skipped": false
            },
            {
              "title": "Check the product name: Printed Summer Dress is visible",
              "fullTitle": "Check Product Names Visible on the Landing Page Check the product name: Printed Summer Dress is visible",
              "timedOut": null,
              "duration": 301,
              "state": "passed",
              "speed": "slow",
              "pass": true,
              "fail": false,
              "pending": false,
              "context": null,
              "code": "cy.get(_locators.anchor).contains(_locators.printedSummerDress).should('be.visible');",
              "err": {},
              "uuid": "6bf1b362-896f-4afe-bed4-7b117c0656cd",
              "parentUUID": "5988d874-fbde-45d7-8f11-0dc999dc4711",
              "isHook": false,
              "skipped": false
            },
            {
              "title": "Check the product name: Printed Summer Dress Two is visible",
              "fullTitle": "Check Product Names Visible on the Landing Page Check the product name: Printed Summer Dress Two is visible",
              "timedOut": null,
              "duration": 38,
              "state": "passed",
              "speed": "medium",
              "pass": true,
              "fail": false,
              "pending": false,
              "context": null,
              "code": "cy.get(_locators.printedSummerDressTwo).contains(_locators.printedSummerDress).should('be.visible');",
              "err": {},
              "uuid": "8e755115-478f-4a83-a6cd-5c58874eeb39",
              "parentUUID": "5988d874-fbde-45d7-8f11-0dc999dc4711",
              "isHook": false,
              "skipped": false
            },
            {
              "title": "Check the product name: Printed Chiffon Dress is visible",
              "fullTitle": "Check Product Names Visible on the Landing Page Check the product name: Printed Chiffon Dress is visible",
              "timedOut": null,
              "duration": 320,
              "state": "passed",
              "speed": "slow",
              "pass": true,
              "fail": false,
              "pending": false,
              "context": null,
              "code": "cy.get(_locators.anchor).contains(_locators.printedChiffonDress).should('be.visible');",
              "err": {},
              "uuid": "e8cdb03b-f52c-43de-baba-3e7e38887a88",
              "parentUUID": "5988d874-fbde-45d7-8f11-0dc999dc4711",
              "isHook": false,
              "skipped": false
            }
          ],
          "suites": [],
          "passes": [
            "ee867f3e-8141-480b-986b-6574f47c9d27",
            "9374de28-cbd1-4c7c-a1fd-bc91173f6775",
            "79ea4ce6-e179-4a72-ace2-8ded16ac8bca",
            "121dc8d1-73d4-45b9-8900-9136eee7e1ba",
            "dde0e550-8557-492e-aa61-60990f742ba3",
            "6bf1b362-896f-4afe-bed4-7b117c0656cd",
            "8e755115-478f-4a83-a6cd-5c58874eeb39",
            "e8cdb03b-f52c-43de-baba-3e7e38887a88"
          ],
          "failures": [],
          "pending": [],
          "skipped": [],
          "duration": 6924,
          "root": false,
          "rootEmpty": false,
          "_timeout": 2000
        }
      ],
      "passes": [],
      "failures": [],
      "pending": [],
      "skipped": [],
      "duration": 0,
      "root": true,
      "rootEmpty": true,
      "_timeout": 2000
    },
    {
      "uuid": "dc5d57fe-df47-4dea-9405-1546b6de337c",
      "title": "",
      "fullFile": "cypress/integration/addToCart.spec.js",
      "file": "cypress/integration/addToCart.spec.js",
      "beforeHooks": [],
      "afterHooks": [],
      "tests": [],
      "suites": [
        {
          "uuid": "b4cd20b4-8fb8-4c55-aa9e-af46618c53c4",
          "title": "Add to Cart",
          "fullFile": "",
          "file": "",
          "beforeHooks": [],
          "afterHooks": [],
          "tests": [
            {
              "title": "Check the title, url and links on the Landing Page",
              "fullTitle": "Add to Cart Check the title, url and links on the Landing Page",
              "timedOut": null,
              "duration": 5773,
              "state": "passed",
              "speed": "slow",
              "pass": true,
              "fail": false,
              "pending": false,
              "context": null,
              "code": "cy.verifyTitle();\ncy.verifyUrl();\ncy.verifyForPageToLoad();\ncy.contactLink();\ncy.loginLink();",
              "err": {},
              "uuid": "1604f658-ce8b-4897-a563-4f57bef9a5c8",
              "parentUUID": "b4cd20b4-8fb8-4c55-aa9e-af46618c53c4",
              "isHook": false,
              "skipped": false
            },
            {
              "title": "click on 20% discount listed Item",
              "fullTitle": "Add to Cart click on 20% discount listed Item",
              "timedOut": null,
              "duration": 2188,
              "state": "passed",
              "speed": "slow",
              "pass": true,
              "fail": false,
              "pending": false,
              "context": null,
              "code": "cy.printedChiffonDress();\ncy.clickChiffonDress();",
              "err": {},
              "uuid": "545da5da-bbeb-4b8b-ae39-51333702059c",
              "parentUUID": "b4cd20b4-8fb8-4c55-aa9e-af46618c53c4",
              "isHook": false,
              "skipped": false
            },
            {
              "title": "Check whether the Add to Cart Button is enabled and click product to add to Cart",
              "fullTitle": "Add to Cart Check whether the Add to Cart Button is enabled and click product to add to Cart",
              "timedOut": null,
              "duration": 940,
              "state": "passed",
              "speed": "slow",
              "pass": true,
              "fail": false,
              "pending": false,
              "context": null,
              "code": "cy.clickAddToCart();",
              "err": {},
              "uuid": "29284cd3-8a22-4251-8eda-cb74cd1b4294",
              "parentUUID": "b4cd20b4-8fb8-4c55-aa9e-af46618c53c4",
              "isHook": false,
              "skipped": false
            },
            {
              "title": "Verify whether the product added to Cart message is displayed",
              "fullTitle": "Add to Cart Verify whether the product added to Cart message is displayed",
              "timedOut": null,
              "duration": 856,
              "state": "passed",
              "speed": "slow",
              "pass": true,
              "fail": false,
              "pending": false,
              "context": null,
              "code": "cy.cartSuccessMessage();\ncy.cartAddedMessage();",
              "err": {},
              "uuid": "1381b91d-93b1-4972-850f-e4f2b145a4a3",
              "parentUUID": "b4cd20b4-8fb8-4c55-aa9e-af46618c53c4",
              "isHook": false,
              "skipped": false
            },
            {
              "title": "Verify the product count from the Cart",
              "fullTitle": "Add to Cart Verify the product count from the Cart",
              "timedOut": null,
              "duration": 183,
              "state": "passed",
              "speed": "slow",
              "pass": true,
              "fail": false,
              "pending": false,
              "context": null,
              "code": "cy.cartCount();",
              "err": {},
              "uuid": "efdcfa39-4ecb-46d2-808d-8f26696a11df",
              "parentUUID": "b4cd20b4-8fb8-4c55-aa9e-af46618c53c4",
              "isHook": false,
              "skipped": false
            }
          ],
          "suites": [],
          "passes": [
            "1604f658-ce8b-4897-a563-4f57bef9a5c8",
            "545da5da-bbeb-4b8b-ae39-51333702059c",
            "29284cd3-8a22-4251-8eda-cb74cd1b4294",
            "1381b91d-93b1-4972-850f-e4f2b145a4a3",
            "efdcfa39-4ecb-46d2-808d-8f26696a11df"
          ],
          "failures": [],
          "pending": [],
          "skipped": [],
          "duration": 9940,
          "root": false,
          "rootEmpty": false,
          "_timeout": 2000
        }
      ],
      "passes": [],
      "failures": [],
      "pending": [],
      "skipped": [],
      "duration": 0,
      "root": true,
      "rootEmpty": true,
      "_timeout": 2000
    }
  ],
  "meta": {
    "mocha": {
      "version": "7.0.1"
    },
    "mochawesome": {
      "options": {
        "quiet": false,
        "reportFilename": "mochawesome",
        "saveHtml": false,
        "saveJson": true,
        "consoleReporter": "spec",
        "useInlineDiffs": false,
        "code": true
      },
      "version": "6.2.2"
    },
    "marge": {
      "options": {
        "id": "default",
        "reportDir": "cypress/reports/mocha",
        "quite": true,
        "overwrite": false,
        "html": false,
        "json": true
      },
      "version": "5.2.0"
    }
  }
}